INFO:\t2024/03/24 08:04:23 Server's configuration uploaded status: OK
INFO:\t2024/03/24 08:04:23 Database connection status: OK
INFO:\t2024/03/24 08:04:23 Server is starting on: 127.0.0.1:8080
INFO:\t2024/03/24 08:04:41 The new cookie sent:  cookie=47888; Max-Age=300
ERROR:\t2024/03/24 08:04:41 Writing in database status: WRONGPASS invalid username-password pair or user is disabled.
INFO:\t2024/03/24 08:04:41 The new connection registered in redis:  47888
ERROR:\t2024/03/24 08:04:43 Cannot get data from database,  WRONGPASS invalid username-password pair or user is disabled.
ERROR:\t2024/03/24 08:04:44 Cannot get data from database,  WRONGPASS invalid username-password pair or user is disabled.
ERROR:\t2024/03/24 08:04:45 Cannot get data from database,  WRONGPASS invalid username-password pair or user is disabled.
ERROR:\t2024/03/24 08:04:45 Cannot get data from database,  WRONGPASS invalid username-password pair or user is disabled.
ERROR:\t2024/03/24 08:04:45 Cannot get data from database,  WRONGPASS invalid username-password pair or user is disabled.
ERROR:\t2024/03/24 08:04:45 Cannot get data from database,  WRONGPASS invalid username-password pair or user is disabled.
ERROR:\t2024/03/24 08:04:46 Cannot get data from database,  WRONGPASS invalid username-password pair or user is disabled.
ERROR:\t2024/03/24 08:04:46 Cannot get data from database,  WRONGPASS invalid username-password pair or user is disabled.
ERROR:\t2024/03/24 08:04:46 Cannot get data from database,  WRONGPASS invalid username-password pair or user is disabled.
ERROR:\t2024/03/24 08:04:46 Cannot get data from database,  WRONGPASS invalid username-password pair or user is disabled.
ERROR:\t2024/03/24 08:04:46 Cannot get data from database,  WRONGPASS invalid username-password pair or user is disabled.
ERROR:\t2024/03/24 08:04:47 Cannot get data from database,  WRONGPASS invalid username-password pair or user is disabled.
ERROR:\t2024/03/24 08:04:47 Cannot get data from database,  WRONGPASS invalid username-password pair or user is disabled.
ERROR:\t2024/03/24 08:04:58 Cannot get data from database,  WRONGPASS invalid username-password pair or user is disabled.
ERROR:\t2024/03/24 08:04:59 Cannot get data from database,  WRONGPASS invalid username-password pair or user is disabled.
ERROR:\t2024/03/24 08:05:43 Cannot get data from database,  WRONGPASS invalid username-password pair or user is disabled.
ERROR:\t2024/03/24 08:05:43 Cannot get data from database,  WRONGPASS invalid username-password pair or user is disabled.
ERROR:\t2024/03/24 08:05:44 Cannot get data from database,  WRONGPASS invalid username-password pair or user is disabled.
ERROR:\t2024/03/24 08:05:44 Cannot get data from database,  WRONGPASS invalid username-password pair or user is disabled.
INFO:\t2024/03/24 08:05:55 Server is shutting down by: interrupt
INFO:\t2024/03/24 08:05:55 Server shutting down status: OK
