INFO:\t2024/03/24 08:05:57 Server's configuration uploaded status: OK
INFO:\t2024/03/24 08:05:57 Database connection status: OK
INFO:\t2024/03/24 08:05:57 Server is starting on: 127.0.0.1:8080
INFO:\t2024/03/24 08:05:59 The new request:  47888 Total requests count:  1
INFO:\t2024/03/24 08:05:59 The new request:  47888 Total requests count:  2
INFO:\t2024/03/24 08:06:00 The new request:  47888 Total requests count:  3
INFO:\t2024/03/24 08:06:00 The new request:  47888 Total requests count:  4
INFO:\t2024/03/24 08:06:00 The new request:  47888 Total requests count:  5
INFO:\t2024/03/24 08:06:00 The new request:  47888 Total requests count:  6
INFO:\t2024/03/24 08:06:00 The new request:  47888 Total requests count:  7
INFO:\t2024/03/24 08:06:01 The new request:  47888 Total requests count:  8
INFO:\t2024/03/24 08:06:01 The new request:  47888 Total requests count:  9
INFO:\t2024/03/24 08:06:01 The new request:  47888 Total requests count:  10
INFO:\t2024/03/24 08:06:01 The new request:  47888 Total requests count:  11
INFO:\t2024/03/24 08:06:01 Too many requests by:  47888
INFO:\t2024/03/24 08:06:01 The new request:  47888 Total requests count:  12
INFO:\t2024/03/24 08:06:01 Too many requests by:  47888
INFO:\t2024/03/24 08:06:02 The new request:  47888 Total requests count:  13
INFO:\t2024/03/24 08:06:02 Too many requests by:  47888
INFO:\t2024/03/24 08:06:02 The new request:  47888 Total requests count:  14
INFO:\t2024/03/24 08:06:02 Too many requests by:  47888
INFO:\t2024/03/24 08:06:02 The new request:  47888 Total requests count:  15
INFO:\t2024/03/24 08:06:02 Too many requests by:  47888
INFO:\t2024/03/24 08:06:02 The new request:  47888 Total requests count:  16
INFO:\t2024/03/24 08:06:02 Too many requests by:  47888
INFO:\t2024/03/24 08:06:07 The new request:  47888 Total requests count:  1
INFO:\t2024/03/24 08:06:22 Server is shutting down by: interrupt
INFO:\t2024/03/24 08:06:22 Server shutting down status: OK
